<?xml version="1.0"?>
<!DOCTYPE coverage SYSTEM "http://cobertura.sourceforge.net/xml/coverage-04.dtd">

<coverage line-rate="0.010679611650485437" branch-rate="0.00423728813559322" lines-covered="11" lines-valid="1030" branches-covered="2" branches-valid="472" complexity="0.0" version="2.1.1" timestamp="1478675826797">
	<sources>
	</sources>
	<packages>
		<package name="org.magee" line-rate="0.0" branch-rate="1.0" complexity="0.0">
			<classes>
				<class name="org.magee.MathTap" filename="org/magee/MathTap.java" line-rate="0.0" branch-rate="1.0" complexity="0.0">
					<methods>
						<method name="&lt;clinit&gt;" signature="()V" line-rate="0.0" branch-rate="1.0" complexity="0">
							<lines>
								<line number="43" hits="0" branch="false"/>
							</lines>
						</method>
						<method name="&lt;init&gt;" signature="()V" line-rate="0.0" branch-rate="1.0" complexity="0">
							<lines>
								<line number="47" hits="0" branch="false"/>
								<line number="48" hits="0" branch="false"/>
								<line number="49" hits="0" branch="false"/>
								<line number="50" hits="0" branch="false"/>
								<line number="51" hits="0" branch="false"/>
								<line number="53" hits="0" branch="false"/>
								<line number="55" hits="0" branch="false"/>
								<line number="56" hits="0" branch="false"/>
								<line number="57" hits="0" branch="false"/>
								<line number="59" hits="0" branch="false"/>
								<line number="60" hits="0" branch="false"/>
								<line number="61" hits="0" branch="false"/>
								<line number="62" hits="0" branch="false"/>
								<line number="63" hits="0" branch="false"/>
								<line number="65" hits="0" branch="false"/>
								<line number="66" hits="0" branch="false"/>
								<line number="67" hits="0" branch="false"/>
								<line number="68" hits="0" branch="false"/>
								<line number="69" hits="0" branch="false"/>
								<line number="71" hits="0" branch="false"/>
							</lines>
						</method>
						<method name="getSystemInfo" signature="()V" line-rate="0.0" branch-rate="1.0" complexity="0">
							<lines>
								<line number="93" hits="0" branch="false"/>
								<line number="94" hits="0" branch="false"/>
							</lines>
						</method>
						<method name="main" signature="([Ljava/lang/String;)V" line-rate="0.0" branch-rate="1.0" complexity="0">
							<lines>
								<line number="79" hits="0" branch="false"/>
								<line number="80" hits="0" branch="false"/>
								<line number="81" hits="0" branch="false"/>
								<line number="82" hits="0" branch="false"/>
								<line number="83" hits="0" branch="false"/>
								<line number="84" hits="0" branch="false"/>
								<line number="85" hits="0" branch="false"/>
								<line number="86" hits="0" branch="false"/>
								<line number="87" hits="0" branch="false"/>
								<line number="88" hits="0" branch="false"/>
								<line number="90" hits="0" branch="false"/>
							</lines>
						</method>
					</methods>
					<lines>
						<line number="43" hits="0" branch="false"/>
						<line number="47" hits="0" branch="false"/>
						<line number="48" hits="0" branch="false"/>
						<line number="49" hits="0" branch="false"/>
						<line number="50" hits="0" branch="false"/>
						<line number="51" hits="0" branch="false"/>
						<line number="53" hits="0" branch="false"/>
						<line number="55" hits="0" branch="false"/>
						<line number="56" hits="0" branch="false"/>
						<line number="57" hits="0" branch="false"/>
						<line number="59" hits="0" branch="false"/>
						<line number="60" hits="0" branch="false"/>
						<line number="61" hits="0" branch="false"/>
						<line number="62" hits="0" branch="false"/>
						<line number="63" hits="0" branch="false"/>
						<line number="65" hits="0" branch="false"/>
						<line number="66" hits="0" branch="false"/>
						<line number="67" hits="0" branch="false"/>
						<line number="68" hits="0" branch="false"/>
						<line number="69" hits="0" branch="false"/>
						<line number="71" hits="0" branch="false"/>
						<line number="79" hits="0" branch="false"/>
						<line number="80" hits="0" branch="false"/>
						<line number="81" hits="0" branch="false"/>
						<line number="82" hits="0" branch="false"/>
						<line number="83" hits="0" branch="false"/>
						<line number="84" hits="0" branch="false"/>
						<line number="85" hits="0" branch="false"/>
						<line number="86" hits="0" branch="false"/>
						<line number="87" hits="0" branch="false"/>
						<line number="88" hits="0" branch="false"/>
						<line number="90" hits="0" branch="false"/>
						<line number="93" hits="0" branch="false"/>
						<line number="94" hits="0" branch="false"/>
					</lines>
				</class>
			</classes>
		</package>
		<package name="org.magee.math" line-rate="0.03038674033149171" branch-rate="0.015873015873015872" complexity="0.0">
			<classes>
				<class name="org.magee.math.Complex" filename="org/magee/math/Complex.java" line-rate="0.0" branch-rate="0.0" complexity="0.0">
					<methods>
						<method name="&lt;init&gt;" signature="(DD)V" line-rate="0.0" branch-rate="1.0" complexity="0">
							<lines>
								<line number="60" hits="0" branch="false"/>
								<line number="61" hits="0" branch="false"/>
								<line number="62" hits="0" branch="false"/>
								<line number="63" hits="0" branch="false"/>
							</lines>
						</method>
						<method name="abs" signature="()D" line-rate="0.0" branch-rate="1.0" complexity="0">
							<lines>
								<line number="151" hits="0" branch="false"/>
							</lines>
						</method>
						<method name="add" signature="(Lorg/magee/math/Complex;)Lorg/magee/math/Complex;" line-rate="0.0" branch-rate="1.0" complexity="0">
							<lines>
								<line number="103" hits="0" branch="false"/>
							</lines>
						</method>
						<method name="angle" signature="()D" line-rate="0.0" branch-rate="1.0" complexity="0">
							<lines>
								<line number="237" hits="0" branch="false"/>
							</lines>
						</method>
						<method name="arg" signature="()D" line-rate="0.0" branch-rate="1.0" complexity="0">
							<lines>
								<line number="246" hits="0" branch="false"/>
							</lines>
						</method>
						<method name="conjugate" signature="()Lorg/magee/math/Complex;" line-rate="0.0" branch-rate="1.0" complexity="0">
							<lines>
								<line number="197" hits="0" branch="false"/>
							</lines>
						</method>
						<method name="divide" signature="(D)Lorg/magee/math/Complex;" line-rate="0.0" branch-rate="1.0" complexity="0">
							<lines>
								<line number="219" hits="0" branch="false"/>
							</lines>
						</method>
						<method name="divide" signature="(Lorg/magee/math/Complex;)Lorg/magee/math/Complex;" line-rate="0.0" branch-rate="1.0" complexity="0">
							<lines>
								<line number="207" hits="0" branch="false"/>
								<line number="208" hits="0" branch="false"/>
								<line number="209" hits="0" branch="false"/>
							</lines>
						</method>
						<method name="inverse" signature="()Lorg/magee/math/Complex;" line-rate="0.0" branch-rate="1.0" complexity="0">
							<lines>
								<line number="228" hits="0" branch="false"/>
							</lines>
						</method>
						<method name="isPure" signature="()Z" line-rate="0.0" branch-rate="0.0" complexity="0">
							<lines>
								<line number="138" hits="0" branch="true" condition-coverage="0% (0/2)">
									<conditions>
										<condition number="0" type="jump" coverage="0%"/>
									</conditions>
								</line>
								<line number="139" hits="0" branch="false"/>
								<line number="140" hits="0" branch="false"/>
							</lines>
						</method>
						<method name="log" signature="()Lorg/magee/math/Complex;" line-rate="0.0" branch-rate="1.0" complexity="0">
							<lines>
								<line number="264" hits="0" branch="false"/>
							</lines>
						</method>
						<method name="mod" signature="()D" line-rate="0.0" branch-rate="1.0" complexity="0">
							<lines>
								<line number="160" hits="0" branch="false"/>
							</lines>
						</method>
						<method name="multiply" signature="(D)Lorg/magee/math/Complex;" line-rate="0.0" branch-rate="1.0" complexity="0">
							<lines>
								<line number="129" hits="0" branch="false"/>
							</lines>
						</method>
						<method name="multiply" signature="(Lorg/magee/math/Complex;)Lorg/magee/math/Complex;" line-rate="0.0" branch-rate="1.0" complexity="0">
							<lines>
								<line number="113" hits="0" branch="false"/>
								<line number="115" hits="0" branch="false"/>
								<line number="116" hits="0" branch="false"/>
								<line number="117" hits="0" branch="false"/>
								<line number="118" hits="0" branch="false"/>
								<line number="119" hits="0" branch="false"/>
							</lines>
						</method>
						<method name="negate" signature="()Lorg/magee/math/Complex;" line-rate="0.0" branch-rate="1.0" complexity="0">
							<lines>
								<line number="188" hits="0" branch="false"/>
							</lines>
						</method>
						<method name="norm" signature="()D" line-rate="0.0" branch-rate="1.0" complexity="0">
							<lines>
								<line number="169" hits="0" branch="false"/>
							</lines>
						</method>
						<method name="phase" signature="()D" line-rate="0.0" branch-rate="1.0" complexity="0">
							<lines>
								<line number="255" hits="0" branch="false"/>
							</lines>
						</method>
						<method name="pow" signature="(D)Lorg/magee/math/Complex;" line-rate="0.0" branch-rate="1.0" complexity="0">
							<lines>
								<line number="72" hits="0" branch="false"/>
								<line number="73" hits="0" branch="false"/>
								<line number="75" hits="0" branch="false"/>
							</lines>
						</method>
						<method name="pow" signature="(Lorg/magee/math/Complex;)Lorg/magee/math/Complex;" line-rate="0.0" branch-rate="1.0" complexity="0">
							<lines>
								<line number="85" hits="0" branch="false"/>
								<line number="86" hits="0" branch="false"/>
								<line number="87" hits="0" branch="false"/>
								<line number="88" hits="0" branch="false"/>
								<line number="89" hits="0" branch="false"/>
								<line number="91" hits="0" branch="false"/>
								<line number="92" hits="0" branch="false"/>
								<line number="93" hits="0" branch="false"/>
							</lines>
						</method>
						<method name="subtract" signature="(Lorg/magee/math/Complex;)Lorg/magee/math/Complex;" line-rate="0.0" branch-rate="1.0" complexity="0">
							<lines>
								<line number="179" hits="0" branch="false"/>
							</lines>
						</method>
						<method name="toString" signature="()Ljava/lang/String;" line-rate="0.0" branch-rate="1.0" complexity="0">
							<lines>
								<line number="271" hits="0" branch="false"/>
							</lines>
						</method>
						<method name="toString" signature="(I)Ljava/lang/String;" line-rate="0.0" branch-rate="0.0" complexity="0">
							<lines>
								<line number="280" hits="0" branch="false"/>
								<line number="281" hits="0" branch="false"/>
								<line number="282" hits="0" branch="true" condition-coverage="0% (0/2)">
									<conditions>
										<condition number="0" type="jump" coverage="0%"/>
									</conditions>
								</line>
								<line number="283" hits="0" branch="false"/>
								<line number="284" hits="0" branch="false"/>
								<line number="285" hits="0" branch="false"/>
								<line number="286" hits="0" branch="false"/>
								<line number="287" hits="0" branch="false"/>
								<line number="288" hits="0" branch="false"/>
								<line number="289" hits="0" branch="false"/>
								<line number="291" hits="0" branch="false"/>
							</lines>
						</method>
					</methods>
					<lines>
						<line number="60" hits="0" branch="false"/>
						<line number="61" hits="0" branch="false"/>
						<line number="62" hits="0" branch="false"/>
						<line number="63" hits="0" branch="false"/>
						<line number="72" hits="0" branch="false"/>
						<line number="73" hits="0" branch="false"/>
						<line number="75" hits="0" branch="false"/>
						<line number="85" hits="0" branch="false"/>
						<line number="86" hits="0" branch="false"/>
						<line number="87" hits="0" branch="false"/>
						<line number="88" hits="0" branch="false"/>
						<line number="89" hits="0" branch="false"/>
						<line number="91" hits="0" branch="false"/>
						<line number="92" hits="0" branch="false"/>
						<line number="93" hits="0" branch="false"/>
						<line number="103" hits="0" branch="false"/>
						<line number="113" hits="0" branch="false"/>
						<line number="115" hits="0" branch="false"/>
						<line number="116" hits="0" branch="false"/>
						<line number="117" hits="0" branch="false"/>
						<line number="118" hits="0" branch="false"/>
						<line number="119" hits="0" branch="false"/>
						<line number="129" hits="0" branch="false"/>
						<line number="138" hits="0" branch="true" condition-coverage="0% (0/2)">
							<conditions>
								<condition number="0" type="jump" coverage="0%"/>
							</conditions>
						</line>
						<line number="139" hits="0" branch="false"/>
						<line number="140" hits="0" branch="false"/>
						<line number="151" hits="0" branch="false"/>
						<line number="160" hits="0" branch="false"/>
						<line number="169" hits="0" branch="false"/>
						<line number="179" hits="0" branch="false"/>
						<line number="188" hits="0" branch="false"/>
						<line number="197" hits="0" branch="false"/>
						<line number="207" hits="0" branch="false"/>
						<line number="208" hits="0" branch="false"/>
						<line number="209" hits="0" branch="false"/>
						<line number="219" hits="0" branch="false"/>
						<line number="228" hits="0" branch="false"/>
						<line number="237" hits="0" branch="false"/>
						<line number="246" hits="0" branch="false"/>
						<line number="255" hits="0" branch="false"/>
						<line number="264" hits="0" branch="false"/>
						<line number="271" hits="0" branch="false"/>
						<line number="280" hits="0" branch="false"/>
						<line number="281" hits="0" branch="false"/>
						<line number="282" hits="0" branch="true" condition-coverage="0% (0/2)">
							<conditions>
								<condition number="0" type="jump" coverage="0%"/>
							</conditions>
						</line>
						<line number="283" hits="0" branch="false"/>
						<line number="284" hits="0" branch="false"/>
						<line number="285" hits="0" branch="false"/>
						<line number="286" hits="0" branch="false"/>
						<line number="287" hits="0" branch="false"/>
						<line number="288" hits="0" branch="false"/>
						<line number="289" hits="0" branch="false"/>
						<line number="291" hits="0" branch="false"/>
					</lines>
				</class>
				<class name="org.magee.math.CompoundFunction" filename="org/magee/math/CompoundFunction.java" line-rate="0.0" branch-rate="1.0" complexity="0.0">
					<methods>
						<method name="&lt;init&gt;" signature="()V" line-rate="0.0" branch-rate="1.0" complexity="0">
							<lines>
								<line number="49" hits="0" branch="false"/>
								<line number="51" hits="0" branch="false"/>
							</lines>
						</method>
						<method name="area" signature="(DD)D" line-rate="0.0" branch-rate="1.0" complexity="0">
							<lines>
								<line number="65" hits="0" branch="false"/>
							</lines>
						</method>
						<method name="getAntiderivFunc" signature="()Lorg/magee/math/Function;" line-rate="0.0" branch-rate="1.0" complexity="0">
							<lines>
								<line number="75" hits="0" branch="false"/>
							</lines>
						</method>
						<method name="getDerivFunc" signature="()Lorg/magee/math/Function;" line-rate="0.0" branch-rate="1.0" complexity="0">
							<lines>
								<line number="70" hits="0" branch="false"/>
							</lines>
						</method>
						<method name="toString" signature="()Ljava/lang/String;" line-rate="0.0" branch-rate="1.0" complexity="0">
							<lines>
								<line number="55" hits="0" branch="false"/>
							</lines>
						</method>
						<method name="valueAt" signature="(D)D" line-rate="0.0" branch-rate="1.0" complexity="0">
							<lines>
								<line number="60" hits="0" branch="false"/>
							</lines>
						</method>
					</methods>
					<lines>
						<line number="49" hits="0" branch="false"/>
						<line number="51" hits="0" branch="false"/>
						<line number="55" hits="0" branch="false"/>
						<line number="60" hits="0" branch="false"/>
						<line number="65" hits="0" branch="false"/>
						<line number="70" hits="0" branch="false"/>
						<line number="75" hits="0" branch="false"/>
					</lines>
				</class>
				<class name="org.magee.math.ConstantFunction" filename="org/magee/math/ConstantFunction.java" line-rate="0.0" branch-rate="1.0" complexity="0.0">
					<methods>
						<method name="&lt;init&gt;" signature="()V" line-rate="0.0" branch-rate="1.0" complexity="0">
							<lines>
								<line number="47" hits="0" branch="false"/>
								<line number="48" hits="0" branch="false"/>
							</lines>
						</method>
						<method name="&lt;init&gt;" signature="(D)V" line-rate="0.0" branch-rate="1.0" complexity="0">
							<lines>
								<line number="55" hits="0" branch="false"/>
								<line number="56" hits="0" branch="false"/>
								<line number="57" hits="0" branch="false"/>
							</lines>
						</method>
						<method name="area" signature="(DD)D" line-rate="0.0" branch-rate="1.0" complexity="0">
							<lines>
								<line number="83" hits="0" branch="false"/>
							</lines>
						</method>
						<method name="getAntiderivFunc" signature="()Lorg/magee/math/Function;" line-rate="0.0" branch-rate="1.0" complexity="0">
							<lines>
								<line number="101" hits="0" branch="false"/>
							</lines>
						</method>
						<method name="getDerivFunc" signature="()Lorg/magee/math/Function;" line-rate="0.0" branch-rate="1.0" complexity="0">
							<lines>
								<line number="92" hits="0" branch="false"/>
							</lines>
						</method>
						<method name="toString" signature="()Ljava/lang/String;" line-rate="0.0" branch-rate="1.0" complexity="0">
							<lines>
								<line number="63" hits="0" branch="false"/>
							</lines>
						</method>
						<method name="valueAt" signature="(D)D" line-rate="0.0" branch-rate="1.0" complexity="0">
							<lines>
								<line number="72" hits="0" branch="false"/>
							</lines>
						</method>
					</methods>
					<lines>
						<line number="47" hits="0" branch="false"/>
						<line number="48" hits="0" branch="false"/>
						<line number="55" hits="0" branch="false"/>
						<line number="56" hits="0" branch="false"/>
						<line number="57" hits="0" branch="false"/>
						<line number="63" hits="0" branch="false"/>
						<line number="72" hits="0" branch="false"/>
						<line number="83" hits="0" branch="false"/>
						<line number="92" hits="0" branch="false"/>
						<line number="101" hits="0" branch="false"/>
					</lines>
				</class>
				<class name="org.magee.math.ExponentialFunction" filename="org/magee/math/ExponentialFunction.java" line-rate="0.0" branch-rate="1.0" complexity="0.0">
					<methods>
						<method name="&lt;init&gt;" signature="()V" line-rate="0.0" branch-rate="1.0" complexity="0">
							<lines>
								<line number="56" hits="0" branch="false"/>
								<line number="57" hits="0" branch="false"/>
								<line number="58" hits="0" branch="false"/>
							</lines>
						</method>
						<method name="&lt;init&gt;" signature="(D)V" line-rate="0.0" branch-rate="1.0" complexity="0">
							<lines>
								<line number="65" hits="0" branch="false"/>
								<line number="66" hits="0" branch="false"/>
								<line number="67" hits="0" branch="false"/>
							</lines>
						</method>
						<method name="antiderivValueAt" signature="(D)D" line-rate="0.0" branch-rate="1.0" complexity="0">
							<lines>
								<line number="108" hits="0" branch="false"/>
							</lines>
						</method>
						<method name="area" signature="(DD)D" line-rate="0.0" branch-rate="1.0" complexity="0">
							<lines>
								<line number="119" hits="0" branch="false"/>
							</lines>
						</method>
						<method name="derivValueAt" signature="(D)D" line-rate="0.0" branch-rate="1.0" complexity="0">
							<lines>
								<line number="101" hits="0" branch="false"/>
							</lines>
						</method>
						<method name="getAntiderivFunc" signature="()Lorg/magee/math/Function;" line-rate="0.0" branch-rate="1.0" complexity="0">
							<lines>
								<line number="138" hits="0" branch="false"/>
							</lines>
						</method>
						<method name="getBase" signature="()D" line-rate="0.0" branch-rate="1.0" complexity="0">
							<lines>
								<line number="75" hits="0" branch="false"/>
							</lines>
						</method>
						<method name="getDerivFunc" signature="()Lorg/magee/math/Function;" line-rate="0.0" branch-rate="1.0" complexity="0">
							<lines>
								<line number="132" hits="0" branch="false"/>
							</lines>
						</method>
						<method name="setBase" signature="(D)V" line-rate="0.0" branch-rate="1.0" complexity="0">
							<lines>
								<line number="84" hits="0" branch="false"/>
								<line number="85" hits="0" branch="false"/>
							</lines>
						</method>
						<method name="toString" signature="()Ljava/lang/String;" line-rate="0.0" branch-rate="1.0" complexity="0">
							<lines>
								<line number="126" hits="0" branch="false"/>
							</lines>
						</method>
						<method name="valueAt" signature="(D)D" line-rate="0.0" branch-rate="1.0" complexity="0">
							<lines>
								<line number="94" hits="0" branch="false"/>
							</lines>
						</method>
					</methods>
					<lines>
						<line number="56" hits="0" branch="false"/>
						<line number="57" hits="0" branch="false"/>
						<line number="58" hits="0" branch="false"/>
						<line number="65" hits="0" branch="false"/>
						<line number="66" hits="0" branch="false"/>
						<line number="67" hits="0" branch="false"/>
						<line number="75" hits="0" branch="false"/>
						<line number="84" hits="0" branch="false"/>
						<line number="85" hits="0" branch="false"/>
						<line number="94" hits="0" branch="false"/>
						<line number="101" hits="0" branch="false"/>
						<line number="108" hits="0" branch="false"/>
						<line number="119" hits="0" branch="false"/>
						<line number="126" hits="0" branch="false"/>
						<line number="132" hits="0" branch="false"/>
						<line number="138" hits="0" branch="false"/>
					</lines>
				</class>
				<class name="org.magee.math.NaturalExpFunction" filename="org/magee/math/ExponentialFunction.java" line-rate="0.0" branch-rate="1.0" complexity="0.0">
					<methods>
						<method name="&lt;init&gt;" signature="()V" line-rate="0.0" branch-rate="1.0" complexity="0">
							<lines>
								<line number="146" hits="0" branch="false"/>
								<line number="147" hits="0" branch="false"/>
							</lines>
						</method>
					</methods>
					<lines>
						<line number="146" hits="0" branch="false"/>
						<line number="147" hits="0" branch="false"/>
					</lines>
				</class>
				<class name="org.magee.math.Function" filename="org/magee/math/Function.java" line-rate="0.0" branch-rate="1.0" complexity="0.0">
					<methods>
						<method name="&lt;init&gt;" signature="()V" line-rate="0.0" branch-rate="1.0" complexity="0">
							<lines>
								<line number="39" hits="0" branch="false"/>
							</lines>
						</method>
					</methods>
					<lines>
						<line number="39" hits="0" branch="false"/>
					</lines>
				</class>
				<class name="org.magee.math.LogFunction" filename="org/magee/math/LogFunction.java" line-rate="0.0" branch-rate="1.0" complexity="0.0">
					<methods>
						<method name="&lt;init&gt;" signature="()V" line-rate="0.0" branch-rate="1.0" complexity="0">
							<lines>
								<line number="56" hits="0" branch="false"/>
								<line number="57" hits="0" branch="false"/>
							</lines>
						</method>
						<method name="&lt;init&gt;" signature="(D)V" line-rate="0.0" branch-rate="1.0" complexity="0">
							<lines>
								<line number="64" hits="0" branch="false"/>
								<line number="65" hits="0" branch="false"/>
								<line number="66" hits="0" branch="false"/>
							</lines>
						</method>
						<method name="antiderivValueAt" signature="(D)D" line-rate="0.0" branch-rate="1.0" complexity="0">
							<lines>
								<line number="107" hits="0" branch="false"/>
							</lines>
						</method>
						<method name="area" signature="(DD)D" line-rate="0.0" branch-rate="1.0" complexity="0">
							<lines>
								<line number="137" hits="0" branch="false"/>
							</lines>
						</method>
						<method name="derivValueAt" signature="(D)D" line-rate="0.0" branch-rate="1.0" complexity="0">
							<lines>
								<line number="100" hits="0" branch="false"/>
							</lines>
						</method>
						<method name="getAntiderivFunc" signature="()Lorg/magee/math/Function;" line-rate="0.0" branch-rate="1.0" complexity="0">
							<lines>
								<line number="125" hits="0" branch="false"/>
							</lines>
						</method>
						<method name="getBase" signature="()D" line-rate="0.0" branch-rate="1.0" complexity="0">
							<lines>
								<line number="74" hits="0" branch="false"/>
							</lines>
						</method>
						<method name="getDerivFunc" signature="()Lorg/magee/math/Function;" line-rate="0.0" branch-rate="1.0" complexity="0">
							<lines>
								<line number="116" hits="0" branch="false"/>
							</lines>
						</method>
						<method name="setBase" signature="(D)V" line-rate="0.0" branch-rate="1.0" complexity="0">
							<lines>
								<line number="83" hits="0" branch="false"/>
								<line number="84" hits="0" branch="false"/>
							</lines>
						</method>
						<method name="toString" signature="()Ljava/lang/String;" line-rate="0.0" branch-rate="1.0" complexity="0">
							<lines>
								<line number="144" hits="0" branch="false"/>
							</lines>
						</method>
						<method name="valueAt" signature="(D)D" line-rate="0.0" branch-rate="1.0" complexity="0">
							<lines>
								<line number="93" hits="0" branch="false"/>
							</lines>
						</method>
					</methods>
					<lines>
						<line number="56" hits="0" branch="false"/>
						<line number="57" hits="0" branch="false"/>
						<line number="64" hits="0" branch="false"/>
						<line number="65" hits="0" branch="false"/>
						<line number="66" hits="0" branch="false"/>
						<line number="74" hits="0" branch="false"/>
						<line number="83" hits="0" branch="false"/>
						<line number="84" hits="0" branch="false"/>
						<line number="93" hits="0" branch="false"/>
						<line number="100" hits="0" branch="false"/>
						<line number="107" hits="0" branch="false"/>
						<line number="116" hits="0" branch="false"/>
						<line number="125" hits="0" branch="false"/>
						<line number="137" hits="0" branch="false"/>
						<line number="144" hits="0" branch="false"/>
					</lines>
				</class>
				<class name="org.magee.math.PolyFunction" filename="org/magee/math/PolyFunction.java" line-rate="0.0" branch-rate="0.0" complexity="0.0">
					<methods>
						<method name="&lt;init&gt;" signature="()V" line-rate="0.0" branch-rate="1.0" complexity="0">
							<lines>
								<line number="67" hits="0" branch="false"/>
								<line number="68" hits="0" branch="false"/>
								<line number="69" hits="0" branch="false"/>
								<line number="70" hits="0" branch="false"/>
							</lines>
						</method>
						<method name="&lt;init&gt;" signature="(I)V" line-rate="0.0" branch-rate="0.0" complexity="0">
							<lines>
								<line number="157" hits="0" branch="false"/>
								<line number="158" hits="0" branch="false"/>
								<line number="161" hits="0" branch="false"/>
								<line number="162" hits="0" branch="true" condition-coverage="0% (0/2)">
									<conditions>
										<condition number="0" type="jump" coverage="0%"/>
									</conditions>
								</line>
								<line number="163" hits="0" branch="false"/>
								<line number="166" hits="0" branch="false"/>
							</lines>
						</method>
						<method name="&lt;init&gt;" signature="([D)V" line-rate="0.0" branch-rate="0.0" complexity="0">
							<lines>
								<line number="79" hits="0" branch="false"/>
								<line number="80" hits="0" branch="false"/>
								<line number="81" hits="0" branch="true" condition-coverage="0% (0/2)">
									<conditions>
										<condition number="0" type="jump" coverage="0%"/>
									</conditions>
								</line>
								<line number="82" hits="0" branch="true" condition-coverage="0% (0/2)">
									<conditions>
										<condition number="0" type="jump" coverage="0%"/>
									</conditions>
								</line>
								<line number="83" hits="0" branch="false"/>
								<line number="88" hits="0" branch="true" condition-coverage="0% (0/2)">
									<conditions>
										<condition number="0" type="jump" coverage="0%"/>
									</conditions>
								</line>
								<line number="89" hits="0" branch="false"/>
								<line number="92" hits="0" branch="false"/>
								<line number="93" hits="0" branch="false"/>
							</lines>
						</method>
						<method name="&lt;init&gt;" signature="([I)V" line-rate="0.0" branch-rate="0.0" complexity="0">
							<lines>
								<line number="130" hits="0" branch="false"/>
								<line number="131" hits="0" branch="false"/>
								<line number="132" hits="0" branch="true" condition-coverage="0% (0/2)">
									<conditions>
										<condition number="0" type="jump" coverage="0%"/>
									</conditions>
								</line>
								<line number="133" hits="0" branch="true" condition-coverage="0% (0/2)">
									<conditions>
										<condition number="0" type="jump" coverage="0%"/>
									</conditions>
								</line>
								<line number="134" hits="0" branch="false"/>
								<line number="139" hits="0" branch="true" condition-coverage="0% (0/2)">
									<conditions>
										<condition number="0" type="jump" coverage="0%"/>
									</conditions>
								</line>
								<line number="140" hits="0" branch="false"/>
								<line number="143" hits="0" branch="false"/>
								<line number="144" hits="0" branch="true" condition-coverage="0% (0/2)">
									<conditions>
										<condition number="0" type="jump" coverage="0%"/>
									</conditions>
								</line>
								<line number="145" hits="0" branch="false"/>
								<line number="148" hits="0" branch="false"/>
								<line number="149" hits="0" branch="false"/>
							</lines>
						</method>
						<method name="&lt;init&gt;" signature="([J)V" line-rate="0.0" branch-rate="0.0" complexity="0">
							<lines>
								<line number="102" hits="0" branch="false"/>
								<line number="103" hits="0" branch="false"/>
								<line number="104" hits="0" branch="true" condition-coverage="0% (0/2)">
									<conditions>
										<condition number="0" type="jump" coverage="0%"/>
									</conditions>
								</line>
								<line number="105" hits="0" branch="true" condition-coverage="0% (0/2)">
									<conditions>
										<condition number="0" type="jump" coverage="0%"/>
									</conditions>
								</line>
								<line number="106" hits="0" branch="false"/>
								<line number="111" hits="0" branch="true" condition-coverage="0% (0/2)">
									<conditions>
										<condition number="0" type="jump" coverage="0%"/>
									</conditions>
								</line>
								<line number="112" hits="0" branch="false"/>
								<line number="115" hits="0" branch="false"/>
								<line number="116" hits="0" branch="true" condition-coverage="0% (0/2)">
									<conditions>
										<condition number="0" type="jump" coverage="0%"/>
									</conditions>
								</line>
								<line number="117" hits="0" branch="false"/>
								<line number="120" hits="0" branch="false"/>
								<line number="121" hits="0" branch="false"/>
							</lines>
						</method>
						<method name="area" signature="(DD)D" line-rate="0.0" branch-rate="0.0" complexity="0">
							<lines>
								<line number="315" hits="0" branch="true" condition-coverage="0% (0/2)">
									<conditions>
										<condition number="0" type="jump" coverage="0%"/>
									</conditions>
								</line>
								<line number="316" hits="0" branch="false"/>
								<line number="318" hits="0" branch="true" condition-coverage="0% (0/2)">
									<conditions>
										<condition number="0" type="jump" coverage="0%"/>
									</conditions>
								</line>
								<line number="319" hits="0" branch="false"/>
								<line number="320" hits="0" branch="false"/>
								<line number="322" hits="0" branch="false"/>
							</lines>
						</method>
						<method name="getAntiderivFunc" signature="()Lorg/magee/math/Function;" line-rate="0.0" branch-rate="1.0" complexity="0">
							<lines>
								<line number="1" hits="0" branch="false"/>
							</lines>
						</method>
						<method name="getAntiderivFunc" signature="()Lorg/magee/math/PolyFunction;" line-rate="0.0" branch-rate="0.0" complexity="0">
							<lines>
								<line number="306" hits="0" branch="false"/>
								<line number="307" hits="0" branch="false"/>
								<line number="308" hits="0" branch="true" condition-coverage="0% (0/2)">
									<conditions>
										<condition number="0" type="jump" coverage="0%"/>
									</conditions>
								</line>
								<line number="309" hits="0" branch="false"/>
								<line number="311" hits="0" branch="false"/>
							</lines>
						</method>
						<method name="getCoeffients" signature="()[D" line-rate="0.0" branch-rate="1.0" complexity="0">
							<lines>
								<line number="179" hits="0" branch="false"/>
							</lines>
						</method>
						<method name="getComplexRoots" signature="()[Lorg/magee/math/Complex;" line-rate="0.0" branch-rate="0.0" complexity="0">
							<lines>
								<line number="392" hits="0" branch="false"/>
								<line number="393" hits="0" branch="false"/>
								<line number="403" hits="0" branch="true" condition-coverage="0% (0/2)">
									<conditions>
										<condition number="0" type="jump" coverage="0%"/>
									</conditions>
								</line>
								<line number="404" hits="0" branch="true" condition-coverage="0% (0/2)">
									<conditions>
										<condition number="0" type="jump" coverage="0%"/>
									</conditions>
								</line>
								<line number="405" hits="0" branch="true" condition-coverage="0% (0/2)">
									<conditions>
										<condition number="0" type="jump" coverage="0%"/>
									</conditions>
								</line>
								<line number="406" hits="0" branch="false"/>
								<line number="407" hits="0" branch="true" condition-coverage="0% (0/2)">
									<conditions>
										<condition number="0" type="jump" coverage="0%"/>
									</conditions>
								</line>
								<line number="408" hits="0" branch="false"/>
								<line number="412" hits="0" branch="false"/>
								<line number="413" hits="0" branch="false"/>
								<line number="414" hits="0" branch="false"/>
								<line number="415" hits="0" branch="false"/>
								<line number="416" hits="0" branch="true" condition-coverage="0% (0/2)">
									<conditions>
										<condition number="0" type="jump" coverage="0%"/>
									</conditions>
								</line>
								<line number="417" hits="0" branch="false"/>
								<line number="420" hits="0" branch="false"/>
							</lines>
						</method>
						<method name="getDegree" signature="()I" line-rate="0.0" branch-rate="1.0" complexity="0">
							<lines>
								<line number="172" hits="0" branch="false"/>
							</lines>
						</method>
						<method name="getDerivFunc" signature="()Lorg/magee/math/Function;" line-rate="1.0" branch-rate="1.0" complexity="0">
							<lines>
							</lines>
						</method>
						<method name="getDerivFunc" signature="()Lorg/magee/math/PolyFunction;" line-rate="0.0" branch-rate="0.0" complexity="0">
							<lines>
								<line number="298" hits="0" branch="false"/>
								<line number="299" hits="0" branch="true" condition-coverage="0% (0/2)">
									<conditions>
										<condition number="0" type="jump" coverage="0%"/>
									</conditions>
								</line>
								<line number="300" hits="0" branch="false"/>
								<line number="302" hits="0" branch="false"/>
							</lines>
						</method>
						<method name="getLRealRoot" signature="()[D" line-rate="0.0" branch-rate="0.0" complexity="0">
							<lines>
								<line number="379" hits="0" branch="true" condition-coverage="0% (0/2)">
									<conditions>
										<condition number="0" type="jump" coverage="0%"/>
									</conditions>
								</line>
								<line number="380" hits="0" branch="false"/>
								<line number="382" hits="0" branch="false"/>
							</lines>
						</method>
						<method name="getQRealRoots" signature="()[D" line-rate="0.0" branch-rate="0.0" complexity="0">
							<lines>
								<line number="364" hits="0" branch="false"/>
								<line number="365" hits="0" branch="false"/>
								<line number="366" hits="0" branch="false"/>
								<line number="368" hits="0" branch="false"/>
								<line number="369" hits="0" branch="true" condition-coverage="0% (0/2)">
									<conditions>
										<condition number="0" type="jump" coverage="0%"/>
									</conditions>
								</line>
								<line number="370" hits="0" branch="false"/>
								<line number="371" hits="0" branch="false"/>
								<line number="372" hits="0" branch="false"/>
								<line number="373" hits="0" branch="false"/>
								<line number="375" hits="0" branch="false"/>
							</lines>
						</method>
						<method name="getRealRoots" signature="()[D" line-rate="0.0" branch-rate="0.0" complexity="0">
							<lines>
								<line number="332" hits="0" branch="true" condition-coverage="0% (0/2)">
									<conditions>
										<condition number="0" type="jump" coverage="0%"/>
									</conditions>
								</line>
								<line number="333" hits="0" branch="false"/>
								<line number="334" hits="0" branch="true" condition-coverage="0% (0/2)">
									<conditions>
										<condition number="0" type="jump" coverage="0%"/>
									</conditions>
								</line>
								<line number="335" hits="0" branch="false"/>
								<line number="336" hits="0" branch="true" condition-coverage="0% (0/2)">
									<conditions>
										<condition number="0" type="jump" coverage="0%"/>
									</conditions>
								</line>
								<line number="337" hits="0" branch="false"/>
								<line number="340" hits="0" branch="false"/>
								<line number="343" hits="0" branch="false"/>
								<line number="344" hits="0" branch="true" condition-coverage="0% (0/2)">
									<conditions>
										<condition number="0" type="jump" coverage="0%"/>
									</conditions>
								</line>
								<line number="345" hits="0" branch="true" condition-coverage="0% (0/2)">
									<conditions>
										<condition number="0" type="jump" coverage="0%"/>
									</conditions>
								</line>
								<line number="346" hits="0" branch="false"/>
								<line number="350" hits="0" branch="false"/>
								<line number="352" hits="0" branch="false"/>
								<line number="353" hits="0" branch="true" condition-coverage="0% (0/2)">
									<conditions>
										<condition number="0" type="jump" coverage="0%"/>
									</conditions>
								</line>
								<line number="354" hits="0" branch="true" condition-coverage="0% (0/2)">
									<conditions>
										<condition number="0" type="jump" coverage="0%"/>
									</conditions>
								</line>
								<line number="355" hits="0" branch="false"/>
								<line number="356" hits="0" branch="false"/>
								<line number="360" hits="0" branch="false"/>
							</lines>
						</method>
						<method name="setCoeffients" signature="([D)V" line-rate="0.0" branch-rate="0.0" complexity="0">
							<lines>
								<line number="210" hits="0" branch="false"/>
								<line number="211" hits="0" branch="true" condition-coverage="0% (0/2)">
									<conditions>
										<condition number="0" type="jump" coverage="0%"/>
									</conditions>
								</line>
								<line number="212" hits="0" branch="true" condition-coverage="0% (0/2)">
									<conditions>
										<condition number="0" type="jump" coverage="0%"/>
									</conditions>
								</line>
								<line number="213" hits="0" branch="false"/>
								<line number="218" hits="0" branch="true" condition-coverage="0% (0/2)">
									<conditions>
										<condition number="0" type="jump" coverage="0%"/>
									</conditions>
								</line>
								<line number="219" hits="0" branch="false"/>
								<line number="222" hits="0" branch="false"/>
								<line number="223" hits="0" branch="false"/>
							</lines>
						</method>
						<method name="setDegree" signature="(I)V" line-rate="0.0" branch-rate="0.0" complexity="0">
							<lines>
								<line number="189" hits="0" branch="true" condition-coverage="0% (0/2)">
									<conditions>
										<condition number="0" type="jump" coverage="0%"/>
									</conditions>
								</line>
								<line number="190" hits="0" branch="false"/>
								<line number="191" hits="0" branch="true" condition-coverage="0% (0/2)">
									<conditions>
										<condition number="0" type="jump" coverage="0%"/>
									</conditions>
								</line>
								<line number="193" hits="0" branch="false"/>
								<line number="194" hits="0" branch="false"/>
								<line number="195" hits="0" branch="false"/>
								<line number="198" hits="0" branch="false"/>
								<line number="199" hits="0" branch="false"/>
								<line number="201" hits="0" branch="false"/>
							</lines>
						</method>
						<method name="toString" signature="()Ljava/lang/String;" line-rate="0.0" branch-rate="1.0" complexity="0">
							<lines>
								<line number="282" hits="0" branch="false"/>
							</lines>
						</method>
						<method name="toString" signature="(Z)Ljava/lang/String;" line-rate="0.0" branch-rate="0.0" complexity="0">
							<lines>
								<line number="232" hits="0" branch="false"/>
								<line number="235" hits="0" branch="true" condition-coverage="0% (0/2)">
									<conditions>
										<condition number="0" type="jump" coverage="0%"/>
									</conditions>
								</line>
								<line number="236" hits="0" branch="true" condition-coverage="0% (0/2)">
									<conditions>
										<condition number="0" type="jump" coverage="0%"/>
									</conditions>
								</line>
								<line number="237" hits="0" branch="false"/>
								<line number="238" hits="0" branch="true" condition-coverage="0% (0/2)">
									<conditions>
										<condition number="0" type="jump" coverage="0%"/>
									</conditions>
								</line>
								<line number="239" hits="0" branch="true" condition-coverage="0% (0/2)">
									<conditions>
										<condition number="0" type="jump" coverage="0%"/>
									</conditions>
								</line>
								<line number="240" hits="0" branch="false"/>
								<line number="241" hits="0" branch="false"/>
								<line number="242" hits="0" branch="false"/>
								<line number="243" hits="0" branch="false"/>
								<line number="245" hits="0" branch="true" condition-coverage="0% (0/2)">
									<conditions>
										<condition number="0" type="jump" coverage="0%"/>
									</conditions>
								</line>
								<line number="246" hits="0" branch="false"/>
								<line number="249" hits="0" branch="false"/>
								<line number="250" hits="0" branch="true" condition-coverage="0% (0/2)">
									<conditions>
										<condition number="0" type="jump" coverage="0%"/>
									</conditions>
								</line>
								<line number="251" hits="0" branch="true" condition-coverage="0% (0/2)">
									<conditions>
										<condition number="0" type="jump" coverage="0%"/>
									</conditions>
								</line>
								<line number="252" hits="0" branch="false"/>
								<line number="253" hits="0" branch="true" condition-coverage="0% (0/2)">
									<conditions>
										<condition number="0" type="jump" coverage="0%"/>
									</conditions>
								</line>
								<line number="254" hits="0" branch="true" condition-coverage="0% (0/2)">
									<conditions>
										<condition number="0" type="jump" coverage="0%"/>
									</conditions>
								</line>
								<line number="255" hits="0" branch="false"/>
								<line number="256" hits="0" branch="false"/>
								<line number="257" hits="0" branch="false"/>
								<line number="258" hits="0" branch="false"/>
								<line number="260" hits="0" branch="false"/>
								<line number="265" hits="0" branch="false"/>
								<line number="266" hits="0" branch="true" condition-coverage="0% (0/2)">
									<conditions>
										<condition number="0" type="jump" coverage="0%"/>
									</conditions>
								</line>
								<line number="267" hits="0" branch="false"/>
								<line number="269" hits="0" branch="false"/>
								<line number="272" hits="0" branch="false"/>
								<line number="273" hits="0" branch="true" condition-coverage="0% (0/2)">
									<conditions>
										<condition number="0" type="jump" coverage="0%"/>
									</conditions>
								</line>
								<line number="274" hits="0" branch="false"/>
								<line number="275" hits="0" branch="false"/>
							</lines>
						</method>
						<method name="valueAt" signature="(D)D" line-rate="0.0" branch-rate="0.0" complexity="0">
							<lines>
								<line number="286" hits="0" branch="false"/>
								<line number="288" hits="0" branch="true" condition-coverage="0% (0/2)">
									<conditions>
										<condition number="0" type="jump" coverage="0%"/>
									</conditions>
								</line>
								<line number="289" hits="0" branch="true" condition-coverage="0% (0/2)">
									<conditions>
										<condition number="0" type="jump" coverage="0%"/>
									</conditions>
								</line>
								<line number="290" hits="0" branch="false"/>
								<line number="294" hits="0" branch="false"/>
							</lines>
						</method>
					</methods>
					<lines>
						<line number="1" hits="0" branch="false"/>
						<line number="67" hits="0" branch="false"/>
						<line number="68" hits="0" branch="false"/>
						<line number="69" hits="0" branch="false"/>
						<line number="70" hits="0" branch="false"/>
						<line number="79" hits="0" branch="false"/>
						<line number="80" hits="0" branch="false"/>
						<line number="81" hits="0" branch="true" condition-coverage="0% (0/2)">
							<conditions>
								<condition number="0" type="jump" coverage="0%"/>
							</conditions>
						</line>
						<line number="82" hits="0" branch="true" condition-coverage="0% (0/2)">
							<conditions>
								<condition number="0" type="jump" coverage="0%"/>
							</conditions>
						</line>
						<line number="83" hits="0" branch="false"/>
						<line number="88" hits="0" branch="true" condition-coverage="0% (0/2)">
							<conditions>
								<condition number="0" type="jump" coverage="0%"/>
							</conditions>
						</line>
						<line number="89" hits="0" branch="false"/>
						<line number="92" hits="0" branch="false"/>
						<line number="93" hits="0" branch="false"/>
						<line number="102" hits="0" branch="false"/>
						<line number="103" hits="0" branch="false"/>
						<line number="104" hits="0" branch="true" condition-coverage="0% (0/2)">
							<conditions>
								<condition number="0" type="jump" coverage="0%"/>
							</conditions>
						</line>
						<line number="105" hits="0" branch="true" condition-coverage="0% (0/2)">
							<conditions>
								<condition number="0" type="jump" coverage="0%"/>
							</conditions>
						</line>
						<line number="106" hits="0" branch="false"/>
						<line number="111" hits="0" branch="true" condition-coverage="0% (0/2)">
							<conditions>
								<condition number="0" type="jump" coverage="0%"/>
							</conditions>
						</line>
						<line number="112" hits="0" branch="false"/>
						<line number="115" hits="0" branch="false"/>
						<line number="116" hits="0" branch="true" condition-coverage="0% (0/2)">
							<conditions>
								<condition number="0" type="jump" coverage="0%"/>
							</conditions>
						</line>
						<line number="117" hits="0" branch="false"/>
						<line number="120" hits="0" branch="false"/>
						<line number="121" hits="0" branch="false"/>
						<line number="130" hits="0" branch="false"/>
						<line number="131" hits="0" branch="false"/>
						<line number="132" hits="0" branch="true" condition-coverage="0% (0/2)">
							<conditions>
								<condition number="0" type="jump" coverage="0%"/>
							</conditions>
						</line>
						<line number="133" hits="0" branch="true" condition-coverage="0% (0/2)">
							<conditions>
								<condition number="0" type="jump" coverage="0%"/>
							</conditions>
						</line>
						<line number="134" hits="0" branch="false"/>
						<line number="139" hits="0" branch="true" condition-coverage="0% (0/2)">
							<conditions>
								<condition number="0" type="jump" coverage="0%"/>
							</conditions>
						</line>
						<line number="140" hits="0" branch="false"/>
						<line number="143" hits="0" branch="false"/>
						<line number="144" hits="0" branch="true" condition-coverage="0% (0/2)">
							<conditions>
								<condition number="0" type="jump" coverage="0%"/>
							</conditions>
						</line>
						<line number="145" hits="0" branch="false"/>
						<line number="148" hits="0" branch="false"/>
						<line number="149" hits="0" branch="false"/>
						<line number="157" hits="0" branch="false"/>
						<line number="158" hits="0" branch="false"/>
						<line number="161" hits="0" branch="false"/>
						<line number="162" hits="0" branch="true" condition-coverage="0% (0/2)">
							<conditions>
								<condition number="0" type="jump" coverage="0%"/>
							</conditions>
						</line>
						<line number="163" hits="0" branch="false"/>
						<line number="166" hits="0" branch="false"/>
						<line number="172" hits="0" branch="false"/>
						<line number="179" hits="0" branch="false"/>
						<line number="189" hits="0" branch="true" condition-coverage="0% (0/2)">
							<conditions>
								<condition number="0" type="jump" coverage="0%"/>
							</conditions>
						</line>
						<line number="190" hits="0" branch="false"/>
						<line number="191" hits="0" branch="true" condition-coverage="0% (0/2)">
							<conditions>
								<condition number="0" type="jump" coverage="0%"/>
							</conditions>
						</line>
						<line number="193" hits="0" branch="false"/>
						<line number="194" hits="0" branch="false"/>
						<line number="195" hits="0" branch="false"/>
						<line number="198" hits="0" branch="false"/>
						<line number="199" hits="0" branch="false"/>
						<line number="201" hits="0" branch="false"/>
						<line number="210" hits="0" branch="false"/>
						<line number="211" hits="0" branch="true" condition-coverage="0% (0/2)">
							<conditions>
								<condition number="0" type="jump" coverage="0%"/>
							</conditions>
						</line>
						<line number="212" hits="0" branch="true" condition-coverage="0% (0/2)">
							<conditions>
								<condition number="0" type="jump" coverage="0%"/>
							</conditions>
						</line>
						<line number="213" hits="0" branch="false"/>
						<line number="218" hits="0" branch="true" condition-coverage="0% (0/2)">
							<conditions>
								<condition number="0" type="jump" coverage="0%"/>
							</conditions>
						</line>
						<line number="219" hits="0" branch="false"/>
						<line number="222" hits="0" branch="false"/>
						<line number="223" hits="0" branch="false"/>
						<line number="232" hits="0" branch="false"/>
						<line number="235" hits="0" branch="true" condition-coverage="0% (0/2)">
							<conditions>
								<condition number="0" type="jump" coverage="0%"/>
							</conditions>
						</line>
						<line number="236" hits="0" branch="true" condition-coverage="0% (0/2)">
							<conditions>
								<condition number="0" type="jump" coverage="0%"/>
							</conditions>
						</line>
						<line number="237" hits="0" branch="false"/>
						<line number="238" hits="0" branch="true" condition-coverage="0% (0/2)">
							<conditions>
								<condition number="0" type="jump" coverage="0%"/>
							</conditions>
						</line>
						<line number="239" hits="0" branch="true" condition-coverage="0% (0/2)">
							<conditions>
								<condition number="0" type="jump" coverage="0%"/>
							</conditions>
						</line>
						<line number="240" hits="0" branch="false"/>
						<line number="241" hits="0" branch="false"/>
						<line number="242" hits="0" branch="false"/>
						<line number="243" hits="0" branch="false"/>
						<line number="245" hits="0" branch="true" condition-coverage="0% (0/2)">
							<conditions>
								<condition number="0" type="jump" coverage="0%"/>
							</conditions>
						</line>
						<line number="246" hits="0" branch="false"/>
						<line number="249" hits="0" branch="false"/>
						<line number="250" hits="0" branch="true" condition-coverage="0% (0/2)">
							<conditions>
								<condition number="0" type="jump" coverage="0%"/>
							</conditions>
						</line>
						<line number="251" hits="0" branch="true" condition-coverage="0% (0/2)">
							<conditions>
								<condition number="0" type="jump" coverage="0%"/>
							</conditions>
						</line>
						<line number="252" hits="0" branch="false"/>
						<line number="253" hits="0" branch="true" condition-coverage="0% (0/2)">
							<conditions>
								<condition number="0" type="jump" coverage="0%"/>
							</conditions>
						</line>
						<line number="254" hits="0" branch="true" condition-coverage="0% (0/2)">
							<conditions>
								<condition number="0" type="jump" coverage="0%"/>
							</conditions>
						</line>
						<line number="255" hits="0" branch="false"/>
						<line number="256" hits="0" branch="false"/>
						<line number="257" hits="0" branch="false"/>
						<line number="258" hits="0" branch="false"/>
						<line number="260" hits="0" branch="false"/>
						<line number="265" hits="0" branch="false"/>
						<line number="266" hits="0" branch="true" condition-coverage="0% (0/2)">
							<conditions>
								<condition number="0" type="jump" coverage="0%"/>
							</conditions>
						</line>
						<line number="267" hits="0" branch="false"/>
						<line number="269" hits="0" branch="false"/>
						<line number="272" hits="0" branch="false"/>
						<line number="273" hits="0" branch="true" condition-coverage="0% (0/2)">
							<conditions>
								<condition number="0" type="jump" coverage="0%"/>
							</conditions>
						</line>
						<line number="274" hits="0" branch="false"/>
						<line number="275" hits="0" branch="false"/>
						<line number="282" hits="0" branch="false"/>
						<line number="286" hits="0" branch="false"/>
						<line number="288" hits="0" branch="true" condition-coverage="0% (0/2)">
							<conditions>
								<condition number="0" type="jump" coverage="0%"/>
							</conditions>
						</line>
						<line number="289" hits="0" branch="true" condition-coverage="0% (0/2)">
							<conditions>
								<condition number="0" type="jump" coverage="0%"/>
							</conditions>
						</line>
						<line number="290" hits="0" branch="false"/>
						<line number="294" hits="0" branch="false"/>
						<line number="298" hits="0" branch="false"/>
						<line number="299" hits="0" branch="true" condition-coverage="0% (0/2)">
							<conditions>
								<condition number="0" type="jump" coverage="0%"/>
							</conditions>
						</line>
						<line number="300" hits="0" branch="false"/>
						<line number="302" hits="0" branch="false"/>
						<line number="306" hits="0" branch="false"/>
						<line number="307" hits="0" branch="false"/>
						<line number="308" hits="0" branch="true" condition-coverage="0% (0/2)">
							<conditions>
								<condition number="0" type="jump" coverage="0%"/>
							</conditions>
						</line>
						<line number="309" hits="0" branch="false"/>
						<line number="311" hits="0" branch="false"/>
						<line number="315" hits="0" branch="true" condition-coverage="0% (0/2)">
							<conditions>
								<condition number="0" type="jump" coverage="0%"/>
							</conditions>
						</line>
						<line number="316" hits="0" branch="false"/>
						<line number="318" hits="0" branch="true" condition-coverage="0% (0/2)">
							<conditions>
								<condition number="0" type="jump" coverage="0%"/>
							</conditions>
						</line>
						<line number="319" hits="0" branch="false"/>
						<line number="320" hits="0" branch="false"/>
						<line number="322" hits="0" branch="false"/>
						<line number="332" hits="0" branch="true" condition-coverage="0% (0/2)">
							<conditions>
								<condition number="0" type="jump" coverage="0%"/>
							</conditions>
						</line>
						<line number="333" hits="0" branch="false"/>
						<line number="334" hits="0" branch="true" condition-coverage="0% (0/2)">
							<conditions>
								<condition number="0" type="jump" coverage="0%"/>
							</conditions>
						</line>
						<line number="335" hits="0" branch="false"/>
						<line number="336" hits="0" branch="true" condition-coverage="0% (0/2)">
							<conditions>
								<condition number="0" type="jump" coverage="0%"/>
							</conditions>
						</line>
						<line number="337" hits="0" branch="false"/>
						<line number="340" hits="0" branch="false"/>
						<line number="343" hits="0" branch="false"/>
						<line number="344" hits="0" branch="true" condition-coverage="0% (0/2)">
							<conditions>
								<condition number="0" type="jump" coverage="0%"/>
							</conditions>
						</line>
						<line number="345" hits="0" branch="true" condition-coverage="0% (0/2)">
							<conditions>
								<condition number="0" type="jump" coverage="0%"/>
							</conditions>
						</line>
						<line number="346" hits="0" branch="false"/>
						<line number="350" hits="0" branch="false"/>
						<line number="352" hits="0" branch="false"/>
						<line number="353" hits="0" branch="true" condition-coverage="0% (0/2)">
							<conditions>
								<condition number="0" type="jump" coverage="0%"/>
							</conditions>
						</line>
						<line number="354" hits="0" branch="true" condition-coverage="0% (0/2)">
							<conditions>
								<condition number="0" type="jump" coverage="0%"/>
							</conditions>
						</line>
						<line number="355" hits="0" branch="false"/>
						<line number="356" hits="0" branch="false"/>
						<line number="360" hits="0" branch="false"/>
						<line number="364" hits="0" branch="false"/>
						<line number="365" hits="0" branch="false"/>
						<line number="366" hits="0" branch="false"/>
						<line number="368" hits="0" branch="false"/>
						<line number="369" hits="0" branch="true" condition-coverage="0% (0/2)">
							<conditions>
								<condition number="0" type="jump" coverage="0%"/>
							</conditions>
						</line>
						<line number="370" hits="0" branch="false"/>
						<line number="371" hits="0" branch="false"/>
						<line number="372" hits="0" branch="false"/>
						<line number="373" hits="0" branch="false"/>
						<line number="375" hits="0" branch="false"/>
						<line number="379" hits="0" branch="true" condition-coverage="0% (0/2)">
							<conditions>
								<condition number="0" type="jump" coverage="0%"/>
							</conditions>
						</line>
						<line number="380" hits="0" branch="false"/>
						<line number="382" hits="0" branch="false"/>
						<line number="392" hits="0" branch="false"/>
						<line number="393" hits="0" branch="false"/>
						<line number="403" hits="0" branch="true" condition-coverage="0% (0/2)">
							<conditions>
								<condition number="0" type="jump" coverage="0%"/>
							</conditions>
						</line>
						<line number="404" hits="0" branch="true" condition-coverage="0% (0/2)">
							<conditions>
								<condition number="0" type="jump" coverage="0%"/>
							</conditions>
						</line>
						<line number="405" hits="0" branch="true" condition-coverage="0% (0/2)">
							<conditions>
								<condition number="0" type="jump" coverage="0%"/>
							</conditions>
						</line>
						<line number="406" hits="0" branch="false"/>
						<line number="407" hits="0" branch="true" condition-coverage="0% (0/2)">
							<conditions>
								<condition number="0" type="jump" coverage="0%"/>
							</conditions>
						</line>
						<line number="408" hits="0" branch="false"/>
						<line number="412" hits="0" branch="false"/>
						<line number="413" hits="0" branch="false"/>
						<line number="414" hits="0" branch="false"/>
						<line number="415" hits="0" branch="false"/>
						<line number="416" hits="0" branch="true" condition-coverage="0% (0/2)">
							<conditions>
								<condition number="0" type="jump" coverage="0%"/>
							</conditions>
						</line>
						<line number="417" hits="0" branch="false"/>
						<line number="420" hits="0" branch="false"/>
					</lines>
				</class>
				<class name="org.magee.math.RadicalFunction" filename="org/magee/math/RadicalFunction.java" line-rate="0.0" branch-rate="0.0" complexity="0.0">
					<methods>
						<method name="&lt;init&gt;" signature="()V" line-rate="0.0" branch-rate="1.0" complexity="0">
							<lines>
								<line number="42" hits="0" branch="false"/>
								<line number="43" hits="0" branch="false"/>
							</lines>
						</method>
						<method name="&lt;init&gt;" signature="(D)V" line-rate="0.0" branch-rate="1.0" complexity="0">
							<lines>
								<line number="48" hits="0" branch="false"/>
								<line number="49" hits="0" branch="false"/>
								<line number="50" hits="0" branch="false"/>
							</lines>
						</method>
						<method name="antiderivValueAt" signature="(D)D" line-rate="0.0" branch-rate="1.0" complexity="0">
							<lines>
								<line number="93" hits="0" branch="false"/>
							</lines>
						</method>
						<method name="area" signature="(DD)D" line-rate="0.0" branch-rate="0.0" complexity="0">
							<lines>
								<line number="70" hits="0" branch="true" condition-coverage="0% (0/2)">
									<conditions>
										<condition number="0" type="jump" coverage="0%"/>
									</conditions>
								</line>
								<line number="71" hits="0" branch="false"/>
								<line number="73" hits="0" branch="true" condition-coverage="0% (0/2)">
									<conditions>
										<condition number="0" type="jump" coverage="0%"/>
									</conditions>
								</line>
								<line number="74" hits="0" branch="true" condition-coverage="0% (0/2)">
									<conditions>
										<condition number="0" type="jump" coverage="0%"/>
									</conditions>
								</line>
								<line number="75" hits="0" branch="false"/>
								<line number="77" hits="0" branch="false"/>
								<line number="79" hits="0" branch="false"/>
							</lines>
						</method>
						<method name="derivValueAt" signature="(D)D" line-rate="0.0" branch-rate="1.0" complexity="0">
							<lines>
								<line number="86" hits="0" branch="false"/>
							</lines>
						</method>
						<method name="getAntiderivFunc" signature="()Lorg/magee/math/Function;" line-rate="0.0" branch-rate="1.0" complexity="0">
							<lines>
								<line number="109" hits="0" branch="false"/>
							</lines>
						</method>
						<method name="getDerivFunc" signature="()Lorg/magee/math/Function;" line-rate="0.0" branch-rate="1.0" complexity="0">
							<lines>
								<line number="101" hits="0" branch="false"/>
							</lines>
						</method>
						<method name="toString" signature="()Ljava/lang/String;" line-rate="0.0" branch-rate="1.0" complexity="0">
							<lines>
								<line number="56" hits="0" branch="false"/>
							</lines>
						</method>
						<method name="valueAt" signature="(D)D" line-rate="0.0" branch-rate="1.0" complexity="0">
							<lines>
								<line number="63" hits="0" branch="false"/>
							</lines>
						</method>
					</methods>
					<lines>
						<line number="42" hits="0" branch="false"/>
						<line number="43" hits="0" branch="false"/>
						<line number="48" hits="0" branch="false"/>
						<line number="49" hits="0" branch="false"/>
						<line number="50" hits="0" branch="false"/>
						<line number="56" hits="0" branch="false"/>
						<line number="63" hits="0" branch="false"/>
						<line number="70" hits="0" branch="true" condition-coverage="0% (0/2)">
							<conditions>
								<condition number="0" type="jump" coverage="0%"/>
							</conditions>
						</line>
						<line number="71" hits="0" branch="false"/>
						<line number="73" hits="0" branch="true" condition-coverage="0% (0/2)">
							<conditions>
								<condition number="0" type="jump" coverage="0%"/>
							</conditions>
						</line>
						<line number="74" hits="0" branch="true" condition-coverage="0% (0/2)">
							<conditions>
								<condition number="0" type="jump" coverage="0%"/>
							</conditions>
						</line>
						<line number="75" hits="0" branch="false"/>
						<line number="77" hits="0" branch="false"/>
						<line number="79" hits="0" branch="false"/>
						<line number="86" hits="0" branch="false"/>
						<line number="93" hits="0" branch="false"/>
						<line number="101" hits="0" branch="false"/>
						<line number="109" hits="0" branch="false"/>
					</lines>
				</class>
				<class name="org.magee.math.Rational" filename="org/magee/math/Rational.java" line-rate="0.1891891891891892" branch-rate="0.1" complexity="0.0">
					<methods>
						<method name="&lt;init&gt;" signature="(JJ)V" line-rate="1.0" branch-rate="1.0" complexity="0">
							<lines>
								<line number="12" hits="2" branch="false"/>
								<line number="13" hits="2" branch="true" condition-coverage="100% (2/2)">
									<conditions>
										<condition number="0" type="jump" coverage="100%"/>
									</conditions>
								</line>
								<line number="14" hits="1" branch="false"/>
								<line number="16" hits="1" branch="false"/>
								<line number="17" hits="1" branch="false"/>
								<line number="19" hits="1" branch="false"/>
							</lines>
						</method>
						<method name="abs" signature="()Lorg/magee/math/Rational;" line-rate="0.0" branch-rate="0.0" complexity="0">
							<lines>
								<line number="50" hits="0" branch="true" condition-coverage="0% (0/4)">
									<conditions>
										<condition number="0" type="jump" coverage="0%"/>
										<condition number="1" type="jump" coverage="0%"/>
									</conditions>
								</line>
							</lines>
						</method>
						<method name="add" signature="(J)Lorg/magee/math/Rational;" line-rate="1.0" branch-rate="1.0" complexity="0">
							<lines>
								<line number="30" hits="1" branch="false"/>
							</lines>
						</method>
						<method name="add" signature="(Lorg/magee/math/Rational;)Lorg/magee/math/Rational;" line-rate="0.0" branch-rate="1.0" complexity="0">
							<lines>
								<line number="26" hits="0" branch="false"/>
							</lines>
						</method>
						<method name="divide" signature="(J)Lorg/magee/math/Rational;" line-rate="0.0" branch-rate="1.0" complexity="0">
							<lines>
								<line number="58" hits="0" branch="false"/>
							</lines>
						</method>
						<method name="divide" signature="(Lorg/magee/math/Rational;)Lorg/magee/math/Rational;" line-rate="0.0" branch-rate="1.0" complexity="0">
							<lines>
								<line number="54" hits="0" branch="false"/>
							</lines>
						</method>
						<method name="doubleValue" signature="()D" line-rate="0.0" branch-rate="1.0" complexity="0">
							<lines>
								<line number="112" hits="0" branch="false"/>
							</lines>
						</method>
						<method name="floatValue" signature="()F" line-rate="0.0" branch-rate="1.0" complexity="0">
							<lines>
								<line number="108" hits="0" branch="false"/>
							</lines>
						</method>
						<method name="intValue" signature="()I" line-rate="0.0" branch-rate="1.0" complexity="0">
							<lines>
								<line number="100" hits="0" branch="false"/>
							</lines>
						</method>
						<method name="inverse" signature="()Lorg/magee/math/Rational;" line-rate="0.0" branch-rate="1.0" complexity="0">
							<lines>
								<line number="62" hits="0" branch="false"/>
							</lines>
						</method>
						<method name="longValue" signature="()J" line-rate="0.0" branch-rate="1.0" complexity="0">
							<lines>
								<line number="104" hits="0" branch="false"/>
							</lines>
						</method>
						<method name="multiply" signature="(J)Lorg/magee/math/Rational;" line-rate="0.0" branch-rate="1.0" complexity="0">
							<lines>
								<line number="46" hits="0" branch="false"/>
							</lines>
						</method>
						<method name="multiply" signature="(Lorg/magee/math/Rational;)Lorg/magee/math/Rational;" line-rate="0.0" branch-rate="1.0" complexity="0">
							<lines>
								<line number="42" hits="0" branch="false"/>
							</lines>
						</method>
						<method name="negate" signature="()Lorg/magee/math/Rational;" line-rate="0.0" branch-rate="1.0" complexity="0">
							<lines>
								<line number="66" hits="0" branch="false"/>
							</lines>
						</method>
						<method name="pow" signature="(I)Lorg/magee/math/Rational;" line-rate="0.0" branch-rate="1.0" complexity="0">
							<lines>
								<line number="22" hits="0" branch="false"/>
							</lines>
						</method>
						<method name="reduce" signature="()Lorg/magee/math/Rational;" line-rate="0.0" branch-rate="0.0" complexity="0">
							<lines>
								<line number="70" hits="0" branch="false"/>
								<line number="71" hits="0" branch="false"/>
								<line number="73" hits="0" branch="true" condition-coverage="0% (0/2)">
									<conditions>
										<condition number="0" type="jump" coverage="0%"/>
									</conditions>
								</line>
								<line number="74" hits="0" branch="true" condition-coverage="0% (0/2)">
									<conditions>
										<condition number="0" type="jump" coverage="0%"/>
									</conditions>
								</line>
								<line number="75" hits="0" branch="true" condition-coverage="0% (0/6)">
									<conditions>
										<condition number="0" type="jump" coverage="0%"/>
										<condition number="1" type="jump" coverage="0%"/>
										<condition number="2" type="jump" coverage="0%"/>
									</conditions>
								</line>
								<line number="76" hits="0" branch="false"/>
								<line number="77" hits="0" branch="false"/>
								<line number="82" hits="0" branch="false"/>
								<line number="83" hits="0" branch="true" condition-coverage="0% (0/2)">
									<conditions>
										<condition number="0" type="jump" coverage="0%"/>
									</conditions>
								</line>
								<line number="84" hits="0" branch="false"/>
								<line number="87" hits="0" branch="false"/>
								<line number="88" hits="0" branch="true" condition-coverage="0% (0/2)">
									<conditions>
										<condition number="0" type="jump" coverage="0%"/>
									</conditions>
								</line>
								<line number="89" hits="0" branch="false"/>
								<line number="92" hits="0" branch="false"/>
							</lines>
						</method>
						<method name="subtract" signature="(J)Lorg/magee/math/Rational;" line-rate="0.0" branch-rate="1.0" complexity="0">
							<lines>
								<line number="38" hits="0" branch="false"/>
							</lines>
						</method>
						<method name="subtract" signature="(Lorg/magee/math/Rational;)Lorg/magee/math/Rational;" line-rate="0.0" branch-rate="1.0" complexity="0">
							<lines>
								<line number="34" hits="0" branch="false"/>
							</lines>
						</method>
						<method name="toString" signature="()Ljava/lang/String;" line-rate="0.0" branch-rate="1.0" complexity="0">
							<lines>
								<line number="96" hits="0" branch="false"/>
							</lines>
						</method>
					</methods>
					<lines>
						<line number="12" hits="2" branch="false"/>
						<line number="13" hits="2" branch="true" condition-coverage="100% (2/2)">
							<conditions>
								<condition number="0" type="jump" coverage="100%"/>
							</conditions>
						</line>
						<line number="14" hits="1" branch="false"/>
						<line number="16" hits="1" branch="false"/>
						<line number="17" hits="1" branch="false"/>
						<line number="19" hits="1" branch="false"/>
						<line number="22" hits="0" branch="false"/>
						<line number="26" hits="0" branch="false"/>
						<line number="30" hits="1" branch="false"/>
						<line number="34" hits="0" branch="false"/>
						<line number="38" hits="0" branch="false"/>
						<line number="42" hits="0" branch="false"/>
						<line number="46" hits="0" branch="false"/>
						<line number="50" hits="0" branch="true" condition-coverage="0% (0/4)">
							<conditions>
								<condition number="0" type="jump" coverage="0%"/>
								<condition number="1" type="jump" coverage="0%"/>
							</conditions>
						</line>
						<line number="54" hits="0" branch="false"/>
						<line number="58" hits="0" branch="false"/>
						<line number="62" hits="0" branch="false"/>
						<line number="66" hits="0" branch="false"/>
						<line number="70" hits="0" branch="false"/>
						<line number="71" hits="0" branch="false"/>
						<line number="73" hits="0" branch="true" condition-coverage="0% (0/2)">
							<conditions>
								<condition number="0" type="jump" coverage="0%"/>
							</conditions>
						</line>
						<line number="74" hits="0" branch="true" condition-coverage="0% (0/2)">
							<conditions>
								<condition number="0" type="jump" coverage="0%"/>
							</conditions>
						</line>
						<line number="75" hits="0" branch="true" condition-coverage="0% (0/6)">
							<conditions>
								<condition number="0" type="jump" coverage="0%"/>
								<condition number="1" type="jump" coverage="0%"/>
								<condition number="2" type="jump" coverage="0%"/>
							</conditions>
						</line>
						<line number="76" hits="0" branch="false"/>
						<line number="77" hits="0" branch="false"/>
						<line number="82" hits="0" branch="false"/>
						<line number="83" hits="0" branch="true" condition-coverage="0% (0/2)">
							<conditions>
								<condition number="0" type="jump" coverage="0%"/>
							</conditions>
						</line>
						<line number="84" hits="0" branch="false"/>
						<line number="87" hits="0" branch="false"/>
						<line number="88" hits="0" branch="true" condition-coverage="0% (0/2)">
							<conditions>
								<condition number="0" type="jump" coverage="0%"/>
							</conditions>
						</line>
						<line number="89" hits="0" branch="false"/>
						<line number="92" hits="0" branch="false"/>
						<line number="96" hits="0" branch="false"/>
						<line number="100" hits="0" branch="false"/>
						<line number="104" hits="0" branch="false"/>
						<line number="108" hits="0" branch="false"/>
						<line number="112" hits="0" branch="false"/>
					</lines>
				</class>
				<class name="org.magee.math.TestRational" filename="org/magee/math/TestRational.java" line-rate="0.19047619047619047" branch-rate="1.0" complexity="0.0">
					<methods>
						<method name="&lt;init&gt;" signature="()V" line-rate="1.0" branch-rate="1.0" complexity="0">
							<lines>
								<line number="13" hits="1" branch="false"/>
							</lines>
						</method>
						<method name="test0" signature="()V" line-rate="0.0" branch-rate="1.0" complexity="0">
							<lines>
								<line number="17" hits="0" branch="false"/>
								<line number="18" hits="0" branch="false"/>
								<line number="19" hits="0" branch="false"/>
								<line number="20" hits="0" branch="false"/>
								<line number="21" hits="0" branch="false"/>
							</lines>
						</method>
						<method name="test1" signature="()V" line-rate="0.0" branch-rate="1.0" complexity="0">
							<lines>
								<line number="25" hits="0" branch="false"/>
								<line number="26" hits="0" branch="false"/>
								<line number="27" hits="0" branch="false"/>
								<line number="28" hits="0" branch="false"/>
								<line number="29" hits="0" branch="false"/>
							</lines>
						</method>
						<method name="test2" signature="()V" line-rate="0.0" branch-rate="1.0" complexity="0">
							<lines>
								<line number="33" hits="0" branch="false"/>
								<line number="34" hits="0" branch="false"/>
								<line number="35" hits="0" branch="false"/>
								<line number="36" hits="0" branch="false"/>
								<line number="37" hits="0" branch="false"/>
							</lines>
						</method>
						<method name="test3" signature="()V" line-rate="0.6" branch-rate="1.0" complexity="0">
							<lines>
								<line number="41" hits="1" branch="false"/>
								<line number="43" hits="1" branch="false"/>
								<line number="44" hits="0" branch="false"/>
								<line number="45" hits="0" branch="false"/>
								<line number="47" hits="1" branch="false"/>
							</lines>
						</method>
					</methods>
					<lines>
						<line number="13" hits="1" branch="false"/>
						<line number="17" hits="0" branch="false"/>
						<line number="18" hits="0" branch="false"/>
						<line number="19" hits="0" branch="false"/>
						<line number="20" hits="0" branch="false"/>
						<line number="21" hits="0" branch="false"/>
						<line number="25" hits="0" branch="false"/>
						<line number="26" hits="0" branch="false"/>
						<line number="27" hits="0" branch="false"/>
						<line number="28" hits="0" branch="false"/>
						<line number="29" hits="0" branch="false"/>
						<line number="33" hits="0" branch="false"/>
						<line number="34" hits="0" branch="false"/>
						<line number="35" hits="0" branch="false"/>
						<line number="36" hits="0" branch="false"/>
						<line number="37" hits="0" branch="false"/>
						<line number="41" hits="1" branch="false"/>
						<line number="43" hits="1" branch="false"/>
						<line number="44" hits="0" branch="false"/>
						<line number="45" hits="0" branch="false"/>
						<line number="47" hits="1" branch="false"/>
					</lines>
				</class>
				<class name="org.magee.math.TestRationalwithDescription" filename="org/magee/math/TestRationalwithDescription.java" line-rate="0.0" branch-rate="1.0" complexity="0.0">
					<methods>
						<method name="&lt;init&gt;" signature="()V" line-rate="0.0" branch-rate="1.0" complexity="0">
							<lines>
								<line number="11" hits="0" branch="false"/>
							</lines>
						</method>
						<method name="test0" signature="()V" line-rate="0.0" branch-rate="1.0" complexity="0">
							<lines>
								<line number="18" hits="0" branch="false"/>
								<line number="20" hits="0" branch="false"/>
								<line number="23" hits="0" branch="false"/>
								<line number="25" hits="0" branch="false"/>
								<line number="26" hits="0" branch="false"/>
							</lines>
						</method>
						<method name="test1" signature="()V" line-rate="0.0" branch-rate="1.0" complexity="0">
							<lines>
								<line number="33" hits="0" branch="false"/>
								<line number="35" hits="0" branch="false"/>
								<line number="37" hits="0" branch="false"/>
								<line number="39" hits="0" branch="false"/>
								<line number="40" hits="0" branch="false"/>
							</lines>
						</method>
						<method name="test2" signature="()V" line-rate="0.0" branch-rate="1.0" complexity="0">
							<lines>
								<line number="47" hits="0" branch="false"/>
								<line number="49" hits="0" branch="false"/>
								<line number="52" hits="0" branch="false"/>
								<line number="54" hits="0" branch="false"/>
								<line number="55" hits="0" branch="false"/>
							</lines>
						</method>
						<method name="test3" signature="()V" line-rate="0.0" branch-rate="1.0" complexity="0">
							<lines>
								<line number="62" hits="0" branch="false"/>
								<line number="65" hits="0" branch="false"/>
								<line number="66" hits="0" branch="false"/>
								<line number="67" hits="0" branch="false"/>
								<line number="69" hits="0" branch="false"/>
							</lines>
						</method>
					</methods>
					<lines>
						<line number="11" hits="0" branch="false"/>
[...]
							</conditions>
						</line>
						<line number="394" hits="0" branch="false"/>
						<line number="407" hits="0" branch="false"/>
						<line number="414" hits="0" branch="false"/>
						<line number="421" hits="0" branch="false"/>
						<line number="433" hits="0" branch="false"/>
						<line number="434" hits="0" branch="true" condition-coverage="0% (0/2)">
							<conditions>
								<condition number="0" type="jump" coverage="0%"/>
							</conditions>
						</line>
						<line number="435" hits="0" branch="false"/>
						<line number="436" hits="0" branch="true" condition-coverage="0% (0/2)">
							<conditions>
								<condition number="0" type="jump" coverage="0%"/>
							</conditions>
						</line>
						<line number="437" hits="0" branch="false"/>
						<line number="439" hits="0" branch="false"/>
						<line number="451" hits="0" branch="false"/>
						<line number="452" hits="0" branch="false"/>
						<line number="464" hits="0" branch="false"/>
						<line number="465" hits="0" branch="false"/>
						<line number="477" hits="0" branch="false"/>
						<line number="478" hits="0" branch="true" condition-coverage="0% (0/2)">
							<conditions>
								<condition number="0" type="jump" coverage="0%"/>
							</conditions>
						</line>
						<line number="479" hits="0" branch="false"/>
						<line number="481" hits="0" branch="false"/>
					</lines>
				</class>
				<class name="org.magee.util.NetUtil" filename="org/magee/util/NetUtil.java" line-rate="0.0" branch-rate="0.0" complexity="0.0">
					<methods>
						<method name="&lt;init&gt;" signature="()V" line-rate="0.0" branch-rate="1.0" complexity="0">
							<lines>
								<line number="42" hits="0" branch="false"/>
							</lines>
						</method>
						<method name="MacPing" signature="(Ljava/lang/String;ILjava/io/PrintStream;)V" line-rate="0.0" branch-rate="0.0" complexity="0">
							<lines>
								<line number="93" hits="0" branch="true" condition-coverage="0% (0/2)">
									<conditions>
										<condition number="0" type="jump" coverage="0%"/>
									</conditions>
								</line>
								<line number="94" hits="0" branch="true" condition-coverage="0% (0/2)">
									<conditions>
										<condition number="0" type="jump" coverage="0%"/>
									</conditions>
								</line>
								<line number="95" hits="0" branch="false"/>
								<line number="96" hits="0" branch="false"/>
								<line number="98" hits="0" branch="false"/>
								<line number="99" hits="0" branch="false"/>
								<line number="101" hits="0" branch="false"/>
								<line number="102" hits="0" branch="true" condition-coverage="0% (0/2)">
									<conditions>
										<condition number="0" type="jump" coverage="0%"/>
									</conditions>
								</line>
								<line number="103" hits="0" branch="false"/>
								<line number="104" hits="0" branch="false"/>
								<line number="105" hits="0" branch="false"/>
								<line number="106" hits="0" branch="false"/>
								<line number="107" hits="0" branch="false"/>
								<line number="109" hits="0" branch="true" condition-coverage="0% (0/2)">
									<conditions>
										<condition number="0" type="jump" coverage="0%"/>
									</conditions>
								</line>
								<line number="110" hits="0" branch="false"/>
								<line number="111" hits="0" branch="false"/>
								<line number="113" hits="0" branch="false"/>
								<line number="114" hits="0" branch="false"/>
								<line number="115" hits="0" branch="false"/>
								<line number="117" hits="0" branch="false"/>
								<line number="118" hits="0" branch="false"/>
							</lines>
						</method>
						<method name="getLocalIP" signature="()Ljava/lang/String;" line-rate="0.0" branch-rate="1.0" complexity="0">
							<lines>
								<line number="45" hits="0" branch="false"/>
								<line number="47" hits="0" branch="false"/>
								<line number="48" hits="0" branch="false"/>
								<line number="49" hits="0" branch="false"/>
								<line number="50" hits="0" branch="false"/>
								<line number="53" hits="0" branch="false"/>
							</lines>
						</method>
						<method name="getPublicIP" signature="()Ljava/lang/String;" line-rate="0.0" branch-rate="0.0" complexity="0">
							<lines>
								<line number="57" hits="0" branch="false"/>
								<line number="58" hits="0" branch="false"/>
								<line number="59" hits="0" branch="false"/>
								<line number="60" hits="0" branch="false"/>
								<line number="62" hits="0" branch="false"/>
								<line number="65" hits="0" branch="false"/>
								<line number="66" hits="0" branch="false"/>
								<line number="68" hits="0" branch="false"/>
								<line number="69" hits="0" branch="true" condition-coverage="0% (0/2)">
									<conditions>
										<condition number="0" type="jump" coverage="0%"/>
									</conditions>
								</line>
								<line number="70" hits="0" branch="false"/>
								<line number="71" hits="0" branch="false"/>
								<line number="72" hits="0" branch="true" condition-coverage="0% (0/2)">
									<conditions>
										<condition number="0" type="jump" coverage="0%"/>
									</conditions>
								</line>
								<line number="73" hits="0" branch="false"/>
								<line number="74" hits="0" branch="false"/>
								<line number="78" hits="0" branch="false"/>
								<line number="79" hits="0" branch="false"/>
								<line number="80" hits="0" branch="false"/>
								<line number="81" hits="0" branch="false"/>
								<line number="83" hits="0" branch="false"/>
								<line number="84" hits="0" branch="false"/>
								<line number="86" hits="0" branch="false"/>
								<line number="88" hits="0" branch="false"/>
							</lines>
						</method>
					</methods>
					<lines>
						<line number="42" hits="0" branch="false"/>
						<line number="45" hits="0" branch="false"/>
						<line number="47" hits="0" branch="false"/>
						<line number="48" hits="0" branch="false"/>
						<line number="49" hits="0" branch="false"/>
						<line number="50" hits="0" branch="false"/>
						<line number="53" hits="0" branch="false"/>
						<line number="57" hits="0" branch="false"/>
						<line number="58" hits="0" branch="false"/>
						<line number="59" hits="0" branch="false"/>
						<line number="60" hits="0" branch="false"/>
						<line number="62" hits="0" branch="false"/>
						<line number="65" hits="0" branch="false"/>
						<line number="66" hits="0" branch="false"/>
						<line number="68" hits="0" branch="false"/>
						<line number="69" hits="0" branch="true" condition-coverage="0% (0/2)">
							<conditions>
								<condition number="0" type="jump" coverage="0%"/>
							</conditions>
						</line>
						<line number="70" hits="0" branch="false"/>
						<line number="71" hits="0" branch="false"/>
						<line number="72" hits="0" branch="true" condition-coverage="0% (0/2)">
							<conditions>
								<condition number="0" type="jump" coverage="0%"/>
							</conditions>
						</line>
						<line number="73" hits="0" branch="false"/>
						<line number="74" hits="0" branch="false"/>
						<line number="78" hits="0" branch="false"/>
						<line number="79" hits="0" branch="false"/>
						<line number="80" hits="0" branch="false"/>
						<line number="81" hits="0" branch="false"/>
						<line number="83" hits="0" branch="false"/>
						<line number="84" hits="0" branch="false"/>
						<line number="86" hits="0" branch="false"/>
						<line number="88" hits="0" branch="false"/>
						<line number="93" hits="0" branch="true" condition-coverage="0% (0/2)">
							<conditions>
								<condition number="0" type="jump" coverage="0%"/>
							</conditions>
						</line>
						<line number="94" hits="0" branch="true" condition-coverage="0% (0/2)">
							<conditions>
								<condition number="0" type="jump" coverage="0%"/>
							</conditions>
						</line>
						<line number="95" hits="0" branch="false"/>
						<line number="96" hits="0" branch="false"/>
						<line number="98" hits="0" branch="false"/>
						<line number="99" hits="0" branch="false"/>
						<line number="101" hits="0" branch="false"/>
						<line number="102" hits="0" branch="true" condition-coverage="0% (0/2)">
							<conditions>
								<condition number="0" type="jump" coverage="0%"/>
							</conditions>
						</line>
						<line number="103" hits="0" branch="false"/>
						<line number="104" hits="0" branch="false"/>
						<line number="105" hits="0" branch="false"/>
						<line number="106" hits="0" branch="false"/>
						<line number="107" hits="0" branch="false"/>
						<line number="109" hits="0" branch="true" condition-coverage="0% (0/2)">
							<conditions>
								<condition number="0" type="jump" coverage="0%"/>
							</conditions>
						</line>
						<line number="110" hits="0" branch="false"/>
						<line number="111" hits="0" branch="false"/>
						<line number="113" hits="0" branch="false"/>
						<line number="114" hits="0" branch="false"/>
						<line number="115" hits="0" branch="false"/>
						<line number="117" hits="0" branch="false"/>
						<line number="118" hits="0" branch="false"/>
					</lines>
				</class>
				<class name="org.magee.util.SystemUtil" filename="org/magee/util/SystemUtil.java" line-rate="0.0" branch-rate="0.0" complexity="0.0">
					<methods>
						<method name="&lt;init&gt;" signature="()V" line-rate="0.0" branch-rate="1.0" complexity="0">
							<lines>
								<line number="36" hits="0" branch="false"/>
							</lines>
						</method>
						<method name="exec" signature="(Ljava/lang/String;)Ljava/lang/String;" line-rate="0.0" branch-rate="0.0" complexity="0">
							<lines>
								<line number="39" hits="0" branch="false"/>
								<line number="40" hits="0" branch="false"/>
								<line number="41" hits="0" branch="false"/>
								<line number="42" hits="0" branch="false"/>
								<line number="43" hits="0" branch="false"/>
								<line number="44" hits="0" branch="false"/>
								<line number="45" hits="0" branch="false"/>
								<line number="46" hits="0" branch="false"/>
								<line number="47" hits="0" branch="false"/>
								<line number="48" hits="0" branch="false"/>
								<line number="49" hits="0" branch="false"/>
								<line number="50" hits="0" branch="false"/>
								<line number="51" hits="0" branch="false"/>
								<line number="52" hits="0" branch="false"/>
								<line number="53" hits="0" branch="false"/>
								<line number="54" hits="0" branch="false"/>
								<line number="55" hits="0" branch="false"/>
								<line number="57" hits="0" branch="true" condition-coverage="0% (0/2)">
									<conditions>
										<condition number="0" type="jump" coverage="0%"/>
									</conditions>
								</line>
								<line number="58" hits="0" branch="false"/>
								<line number="61" hits="0" branch="false"/>
								<line number="64" hits="0" branch="false"/>
								<line number="66" hits="0" branch="false"/>
								<line number="68" hits="0" branch="false"/>
								<line number="69" hits="0" branch="true" condition-coverage="0% (0/2)">
									<conditions>
										<condition number="0" type="jump" coverage="0%"/>
									</conditions>
								</line>
								<line number="70" hits="0" branch="false"/>
								<line number="71" hits="0" branch="false"/>
								<line number="74" hits="0" branch="false"/>
							</lines>
						</method>
					</methods>
					<lines>
						<line number="36" hits="0" branch="false"/>
						<line number="39" hits="0" branch="false"/>
						<line number="40" hits="0" branch="false"/>
						<line number="41" hits="0" branch="false"/>
						<line number="42" hits="0" branch="false"/>
						<line number="43" hits="0" branch="false"/>
						<line number="44" hits="0" branch="false"/>
						<line number="45" hits="0" branch="false"/>
						<line number="46" hits="0" branch="false"/>
						<line number="47" hits="0" branch="false"/>
						<line number="48" hits="0" branch="false"/>
						<line number="49" hits="0" branch="false"/>
						<line number="50" hits="0" branch="false"/>
						<line number="51" hits="0" branch="false"/>
						<line number="52" hits="0" branch="false"/>
						<line number="53" hits="0" branch="false"/>
						<line number="54" hits="0" branch="false"/>
						<line number="55" hits="0" branch="false"/>
						<line number="57" hits="0" branch="true" condition-coverage="0% (0/2)">
							<conditions>
								<condition number="0" type="jump" coverage="0%"/>
							</conditions>
						</line>
						<line number="58" hits="0" branch="false"/>
						<line number="61" hits="0" branch="false"/>
						<line number="64" hits="0" branch="false"/>
						<line number="66" hits="0" branch="false"/>
						<line number="68" hits="0" branch="false"/>
						<line number="69" hits="0" branch="true" condition-coverage="0% (0/2)">
							<conditions>
								<condition number="0" type="jump" coverage="0%"/>
							</conditions>
						</line>
						<line number="70" hits="0" branch="false"/>
						<line number="71" hits="0" branch="false"/>
						<line number="74" hits="0" branch="false"/>
					</lines>
				</class>
				<class name="org.magee.util.TextUtil" filename="org/magee/util/TextUtil.java" line-rate="0.0" branch-rate="0.0" complexity="0.0">
					<methods>
						<method name="$SWITCH_TABLE$org$magee$util$TextUtil$LetterCase" signature="()[I" line-rate="0.0" branch-rate="0.0" complexity="0">
							<lines>
								<line number="46" hits="0" branch="true" condition-coverage="0% (0/2)">
									<conditions>
										<condition number="0" type="jump" coverage="0%"/>
									</conditions>
								</line>
							</lines>
						</method>
						<method name="&lt;init&gt;" signature="()V" line-rate="1.0" branch-rate="1.0" complexity="0">
							<lines>
							</lines>
						</method>
						<method name="titleCase" signature="(Ljava/lang/String;)Ljava/lang/String;" line-rate="0.0" branch-rate="1.0" complexity="0">
							<lines>
								<line number="64" hits="0" branch="false"/>
							</lines>
						</method>
						<method name="titleCase" signature="(Ljava/lang/String;Lorg/magee/util/TextUtil$LetterCase;)Ljava/lang/String;" line-rate="0.0" branch-rate="1.0" complexity="0">
							<lines>
								<line number="81" hits="0" branch="false"/>
							</lines>
						</method>
						<method name="titleCase" signature="(Ljava/lang/String;Lorg/magee/util/TextUtil$LetterCase;Ljava/lang/String;)Ljava/lang/String;" line-rate="0.0" branch-rate="0.0" complexity="0">
							<lines>
								<line number="94" hits="0" branch="false"/>
								<line number="95" hits="0" branch="false"/>
								<line number="96" hits="0" branch="false"/>
								<line number="97" hits="0" branch="false"/>
								<line number="98" hits="0" branch="true" condition-coverage="0% (0/2)">
									<conditions>
										<condition number="0" type="jump" coverage="0%"/>
									</conditions>
								</line>
								<line number="99" hits="0" branch="false"/>
								<line number="100" hits="0" branch="false"/>
								<line number="102" hits="0" branch="true" condition-coverage="0% (0/4)">
									<conditions>
										<condition number="0" type="switch" coverage="0%"/>
									</conditions>
								</line>
								<line number="104" hits="0" branch="false"/>
								<line number="105" hits="0" branch="false"/>
								<line number="107" hits="0" branch="true" condition-coverage="0% (0/2)">
									<conditions>
										<condition number="0" type="jump" coverage="0%"/>
									</conditions>
								</line>
								<line number="108" hits="0" branch="false"/>
								<line number="110" hits="0" branch="false"/>
								<line number="111" hits="0" branch="false"/>
								<line number="113" hits="0" branch="true" condition-coverage="0% (0/2)">
									<conditions>
										<condition number="0" type="jump" coverage="0%"/>
									</conditions>
								</line>
								<line number="114" hits="0" branch="false"/>
								<line number="116" hits="0" branch="false"/>
								<line number="117" hits="0" branch="false"/>
								<line number="119" hits="0" branch="false"/>
								<line number="122" hits="0" branch="true" condition-coverage="0% (0/2)">
									<conditions>
										<condition number="0" type="jump" coverage="0%"/>
									</conditions>
								</line>
								<line number="123" hits="0" branch="false"/>
								<line number="124" hits="0" branch="false"/>
								<line number="127" hits="0" branch="false"/>
							</lines>
						</method>
					</methods>
					<lines>
						<line number="46" hits="0" branch="true" condition-coverage="0% (0/2)">
							<conditions>
								<condition number="0" type="jump" coverage="0%"/>
							</conditions>
						</line>
						<line number="64" hits="0" branch="false"/>
						<line number="81" hits="0" branch="false"/>
						<line number="94" hits="0" branch="false"/>
						<line number="95" hits="0" branch="false"/>
						<line number="96" hits="0" branch="false"/>
						<line number="97" hits="0" branch="false"/>
						<line number="98" hits="0" branch="true" condition-coverage="0% (0/2)">
							<conditions>
								<condition number="0" type="jump" coverage="0%"/>
							</conditions>
						</line>
						<line number="99" hits="0" branch="false"/>
						<line number="100" hits="0" branch="false"/>
						<line number="102" hits="0" branch="true" condition-coverage="0% (0/4)">
							<conditions>
								<condition number="0" type="switch" coverage="0%"/>
							</conditions>
						</line>
						<line number="104" hits="0" branch="false"/>
						<line number="105" hits="0" branch="false"/>
						<line number="107" hits="0" branch="true" condition-coverage="0% (0/2)">
							<conditions>
								<condition number="0" type="jump" coverage="0%"/>
							</conditions>
						</line>
						<line number="108" hits="0" branch="false"/>
						<line number="110" hits="0" branch="false"/>
						<line number="111" hits="0" branch="false"/>
						<line number="113" hits="0" branch="true" condition-coverage="0% (0/2)">
							<conditions>
								<condition number="0" type="jump" coverage="0%"/>
							</conditions>
						</line>
						<line number="114" hits="0" branch="false"/>
						<line number="116" hits="0" branch="false"/>
						<line number="117" hits="0" branch="false"/>
						<line number="119" hits="0" branch="false"/>
						<line number="122" hits="0" branch="true" condition-coverage="0% (0/2)">
							<conditions>
								<condition number="0" type="jump" coverage="0%"/>
							</conditions>
						</line>
						<line number="123" hits="0" branch="false"/>
						<line number="124" hits="0" branch="false"/>
						<line number="127" hits="0" branch="false"/>
					</lines>
				</class>
				<class name="org.magee.util.TextUtil$LetterCase" filename="org/magee/util/TextUtil.java" line-rate="0.0" branch-rate="1.0" complexity="0.0">
					<methods>
						<method name="&lt;clinit&gt;" signature="()V" line-rate="0.0" branch-rate="1.0" complexity="0">
							<lines>
								<line number="52" hits="0" branch="false"/>
							</lines>
						</method>
						<method name="&lt;init&gt;" signature="(Ljava/lang/String;I)V" line-rate="0.0" branch-rate="1.0" complexity="0">
							<lines>
								<line number="51" hits="0" branch="false"/>
							</lines>
						</method>
						<method name="valueOf" signature="(Ljava/lang/String;)Lorg/magee/util/TextUtil$LetterCase;" line-rate="0.0" branch-rate="1.0" complexity="0">
							<lines>
								<line number="1" hits="0" branch="false"/>
							</lines>
						</method>
						<method name="values" signature="()[Lorg/magee/util/TextUtil$LetterCase;" line-rate="1.0" branch-rate="1.0" complexity="0">
							<lines>
							</lines>
						</method>
					</methods>
					<lines>
						<line number="1" hits="0" branch="false"/>
						<line number="51" hits="0" branch="false"/>
						<line number="52" hits="0" branch="false"/>
					</lines>
				</class>
			</classes>
		</package>
	</packages>
</coverage>
